<?xml version="1.0" encoding="UTF-8"?>
<testsuite name="StudentTestCases" tests="0" skipped="0" failures="0" errors="0" timestamp="1970-01-01T00:00:00" hostname="SamerPC" time="0.0">
  <properties/>
  <system-out><![CDATA[com.microsoft.sqlserver.jdbc.SQLServerDriver
]]></system-out>
  <system-err><![CDATA[]]></system-err>
</testsuite>
